<?xml version="1.0" encoding="UTF-8"?>
<!-- Generated by org.testng.reporters.JUnitXMLReporter -->
<testsuite ignored="6" hostname="user-PC" failures="0" tests="1" name="Default test" time="110.291" errors="0" timestamp="2022-12-19T12:28:20 CET">
  <testcase classname="testSuite.LoginPomTestScripts" name="verifyUserIsNotLoggedoutWhenPressingBackNavigationButton" time="13.206"/>
  <testcase classname="testSuite.LoginPomTestScripts" name="TC_LOGIN_009ForgetPasswordValidEmail" time="0.0">
    <ignored/>
  </testcase> <!-- TC_LOGIN_009ForgetPasswordValidEmail -->
  <testcase classname="testSuite.LoginPomTestScripts" name="TC_LOGIN_003_ValidEmailAndInvalidPassword" time="0.0">
    <ignored/>
  </testcase> <!-- TC_LOGIN_003_ValidEmailAndInvalidPassword -->
  <testcase classname="testSuite.LoginPomTestScripts" name="TC_LOGIN_001_NavigateToLoginPage" time="0.0">
    <ignored/>
  </testcase> <!-- TC_LOGIN_001_NavigateToLoginPage -->
  <testcase classname="testSuite.LoginPomTestScripts" name="TC_LOGIN_002_ValidEmailAndPassword" time="0.0">
    <ignored/>
  </testcase> <!-- TC_LOGIN_002_ValidEmailAndPassword -->
  <testcase classname="testSuite.LoginPomTestScripts" name="TC_LOGIN_009ForgetPasswordInvalidEmail" time="0.0">
    <ignored/>
  </testcase> <!-- TC_LOGIN_009ForgetPasswordInvalidEmail -->
  <testcase classname="testSuite.LoginPomTestScripts" name="TC_LOGIN_008EmptyEmailAndValidPassword" time="0.0">
    <ignored/>
  </testcase> <!-- TC_LOGIN_008EmptyEmailAndValidPassword -->
</testsuite> <!-- Default test -->
