<?xml version="1.0" encoding="UTF-8"?>
<!-- Generated by org.testng.reporters.JUnitXMLReporter -->
<testsuite ignored="2" hostname="Aleksandar-PC" failures="0" tests="1" name="Default test" time="44.672" errors="0" timestamp="2022-12-17T17:25:31 CET">
  <testcase classname="testSuite.ShoppingTestScripts" name="verifyTermsOfServiceLink" time="9.528"/>
  <testcase classname="testSuite.ShoppingTestScripts" name="TC_CART_022_CheckIfThePriceChangesAccordingTheDiscountSimplified" time="0.0">
    <ignored/>
  </testcase> <!-- TC_CART_022_CheckIfThePriceChangesAccordingTheDiscountSimplified -->
  <testcase classname="testSuite.ShoppingTestScripts" name="verifyShoppingCartRemoveItem" time="0.0">
    <ignored/>
  </testcase> <!-- verifyShoppingCartRemoveItem -->
</testsuite> <!-- Default test -->
