<?xml version="1.0" encoding="UTF-8"?>
<testng-results ignored="2" total="3" passed="1" failed="0" skipped="0">
  <reporter-output>
  </reporter-output>
  <suite started-at="2022-12-17T17:24:46 CET" name="Default suite" finished-at="2022-12-17T17:25:30 CET" duration-ms="44672">
    <groups>
    </groups>
    <test started-at="2022-12-17T17:24:46 CET" name="Default test" finished-at="2022-12-17T17:25:30 CET" duration-ms="44672">
      <class name="testSuite.ShoppingTestScripts">
        <test-method is-config="true" signature="start()[pri:0, instance:testSuite.ShoppingTestScripts@2fd1433e]" started-at="2022-12-17T17:24:46 CET" name="start" finished-at="2022-12-17T17:25:21 CET" duration-ms="35054" status="PASS">
          <reporter-output>
          </reporter-output>
        </test-method> <!-- start -->
        <test-method signature="verifyTermsOfServiceLink()[pri:0, instance:testSuite.ShoppingTestScripts@2fd1433e]" started-at="2022-12-17T17:25:21 CET" name="verifyTermsOfServiceLink" finished-at="2022-12-17T17:25:30 CET" duration-ms="9528" status="PASS">
          <reporter-output>
          </reporter-output>
        </test-method> <!-- verifyTermsOfServiceLink -->
      </class> <!-- testSuite.ShoppingTestScripts -->
    </test> <!-- Default test -->
  </suite> <!-- Default suite -->
</testng-results>
